#-----------------------------------------------------------
# Vivado v2017.2 (64-bit)
# SW Build 1909853 on Thu Jun 15 18:39:09 MDT 2017
# IP Build 1909766 on Thu Jun 15 19:58:00 MDT 2017
# Start of session at: Wed Mar 14 19:37:49 2018
# Process ID: 8944
# Current directory: D:/SeniorDesign2/ip_repo
# Command line: vivado.exe -gui_launcher_event rodinguilauncherevent2436 D:\SeniorDesign2\ip_repo\edit_offTargetSearcher_v1_0.xpr
# Log file: D:/SeniorDesign2/ip_repo/vivado.log
# Journal file: D:/SeniorDesign2/ip_repo\vivado.jou
#-----------------------------------------------------------
start_gui
open_project D:/SeniorDesign2/ip_repo/edit_offTargetSearcher_v1_0.xpr
Scanning sources...
Finished scanning sources
WARNING: [filemgmt 56-3] IP Repository Path: Could not find the directory 'D:/SeniorDesign2/ip_repo/ip_repo/offTaegetSearcher_1.0'.
INFO: [Common 17-41] Interrupt caught. Command should exit soon.
INFO: [IP_Flow 19-234] Refreshing IP repositories
INFO: [IP_Flow 19-2338] Canceling the changes to the IP catalog. Reverting the catalog back to its previous state.
INFO: [IP_Flow 19-2340] The IP catalog has been returned to its previous state.
INFO: [Common 17-344] 'open_project' was cancelled
exit
INFO: [Common 17-206] Exiting Vivado at Wed Mar 14 19:41:50 2018...
/SeniorDesign2/ip_repo/ip_repo/offTaegetSearcher_1.0'. The path is contained within another repository.
WARNING: [IP_Flow 19-2207] Repository 'd:/SeniorDesign2/ip_repo/genomeOffTargetSearcher_1.0' already exists; ignoring attempt to add it again.
WARNING: [IP_Flow 19-3685] Ignored loading user repository 'd:/SeniorDesign2/ip_repo/genomeOffTargetSearcher_1.0'. The path is contained within another repository.
INFO: [IP_Flow 19-1700] Loaded user IP repository 'd:/SeniorDesign2/ip_repo'.
INFO: [IP_Flow 19-2313] Loaded Vivado IP repository 'C:/Xilinx/Vivado/2017.2/data/ip'.
open_project: Time (s): cpu = 00:00:23 ; elapsed = 00:00:18 . Memory (MB): peak = 773.000 ; gain = 10.590
update_compile_order -fileset sources_1
